make.exe all --print-data-base --no-builtin-variables --no-builtin-rules --question
# GNU Make 4.3
# Built for Windows32
# Copyright (C) 1988-2020 Free Software Foundation, Inc.
# License GPLv3+: GNU GPL version 3 or later <http://gnu.org/licenses/gpl.html>
# This is free software: you are free to change and redistribute it.
# There is NO WARRANTY, to the extent permitted by law.
 

# Make data base, printed on Thu May 26 14:39:56 2022

# Variables

# environment
SYSTEMDRIVE = C:
# environment
LC_ALL = C
# environment
ACSVCPORT = 17532
# makefile (from 'Makefile', line 17)
CLIENT_BIN = ${CLIENT_DIR}.exe
# environment
USERPROFILE = C:\Users\arthsan
# environment
LOCALAPPDATA = C:\Users\arthsan\AppData\Local
# environment
VSCODE_IPC_HOOK_EXTHOST = \\.\pipe\vscode-ipc-e2647f6a-b24d-40d5-868c-216657acdf15-sock
# environment
WSLENV = WT_SESSION::WT_PROFILE_ID
# makefile (from 'Makefile', line 4)
CLIENT_DIR = client
# environment
VSCODE_CWD = C:\Users\arthsan\Documents\github\grpc-microservice
# environment
CHOCOLATEYINSTALL = C:\ProgramData\chocolatey
# environment
SYSTEMROOT = C:\WINDOWS
# environment
PROCESSOR_LEVEL = 23
# environment
PSMODULEPATH = C:\Users\arthsan\Documents\WindowsPowerShell\Modules;C:\Program Files\WindowsPowerShell\Modules;C:\WINDOWS\system32\WindowsPowerShell\v1.0\Modules
# default
MAKE_COMMAND := C:/ProgramData/chocolatey/lib/make/tools/install/bin/make.exe
# environment
GOPATH = C:\Users\arthsan\go
# automatic
@D = $(patsubst %/,%,$(patsubst %\,%,$(dir $@)))
# environment
CHROME_CRASHPAD_PIPE_NAME = \\.\pipe\crashpad_12328_HKQMMZXFOKPDEQIC
# environment
VSCODE_HANDLES_UNCAUGHT_ERRORS = true
# default
.VARIABLES := 
# automatic
%D = $(patsubst %/,%,$(patsubst %\,%,$(dir $%)))
# makefile (from 'Makefile', line 41)
project := greet calculator blog
# automatic
^D = $(patsubst %/,%,$(patsubst %\,%,$(dir $^)))
# environment
VSCODE_LOG_STACK = false
# automatic
%F = $(notdir $%)
# environment
VSCODE_CODE_CACHE_PATH = C:\Users\arthsan\AppData\Roaming\Code\CachedData\c3511e6c69bb39013c4a4b7b9566ec1ca73fc4d5
# environment
LANG = C
# default
.LOADED := 
# environment
TMP = C:\Users\arthsan\AppData\Local\Temp
# default
.INCLUDE_DIRS = .
# environment
PROCESSOR_ARCHITEW6432 = AMD64
# makefile
MAKEFLAGS = pqrR
# environment
ONEDRIVE = C:\Users\arthsan\OneDrive
# makefile
CURDIR := c:/Users/arthsan/Documents/github/grpc-microservice
# environment
VSCODE_PIPE_LOGGING = true
# environment
APPLICATION_INSIGHTS_NO_DIAGNOSTIC_CHANNEL = 1
# automatic
*D = $(patsubst %/,%,$(patsubst %\,%,$(dir $*)))
# environment
PROGRAMFILES = C:\Program Files (x86)
# environment
MFLAGS = -pqrR
# makefile (from 'Makefile', line 8)
.SHELLFLAGS := -NoProfile -Command
# environment
COMMONPROGRAMW6432 = C:\Program Files\Common Files
# automatic
+D = $(patsubst %/,%,$(patsubst %\,%,$(dir $+)))
# makefile (from 'Makefile', line 1)
MAKEFILE_LIST := Makefile
# automatic
@F = $(notdir $@)
# environment
VSCODE_VERBOSE_LOGGING = true
# environment
VSCODE_PID = 12328
# automatic
?D = $(patsubst %/,%,$(patsubst %\,%,$(dir $?)))
# makefile (from 'Makefile', line 11)
PACKAGE = $(shell (Get-Content go.mod -head 1).Split(" ")[1])
# environment
WT_PROFILE_ID = {61c54bbd-c2c6-5271-96e7-009a87ff44bf}
# automatic
*F = $(notdir $*)
# environment
PROTOC = C:\proto3\bin
# automatic
<D = $(patsubst %/,%,$(patsubst %\,%,$(dir $<)))
# environment
VSCODE_NLS_CONFIG = {"locale":"en-gb","availableLanguages":{},"_languagePackSupport":true}
# environment
AMDRMPATH = C:\Program Files\AMD\RyzenMaster\
# default
MAKE_HOST := Windows32
# makefile (from 'Makefile', line 3)
SERVER_DIR = server
# environment
PROGRAMDATA = C:\ProgramData
# makefile (from 'Makefile', line 7)
SHELL := C:/WINDOWS/System32/WindowsPowerShell/v1.0//powershell.exe
# environment
HOMEPATH = \Users\arthsan
# default
MAKECMDGOALS := all
# environment
DRIVERDATA = C:\Windows\System32\Drivers\DriverData
# environment
COMSPEC = C:\WINDOWS\system32\cmd.exe
# environment
WINDIR = C:\WINDOWS
# environment
MAKELEVEL := 0
# default
MAKE = $(MAKE_COMMAND)
# environment
PATH = C:\WINDOWS\system32;C:\WINDOWS;C:\WINDOWS\System32\Wbem;C:\WINDOWS\System32\WindowsPowerShell\v1.0\;C:\WINDOWS\System32\OpenSSH\;C:\Program Files (x86)\NVIDIA Corporation\PhysX\Common;C:\Program Files\dotnet\;C:\Program Files\Git\cmd;C:\Program Files\Go\bin;C:\proto3\bin;C:\ProgramData\chocolatey\bin;C:\Users\arthsan\AppData\Local\Programs\Python\Python310\Scripts\;C:\Users\arthsan\AppData\Local\Programs\Python\Python310\;C:\Users\arthsan\AppData\Local\Microsoft\WindowsApps;C:\Users\arthsan\.dotnet\tools;C:\Users\arthsan\AppData\Local\Programs\Microsoft VS Code\bin;C:\Users\arthsan\AppData\Local\GitHubDesktop\bin;C:\Users\arthsan\go\bin
# environment
COMPUTERNAME = DESKTOP-QLPNDS7
# default
MAKEFILES := 
# makefile (from 'Makefile', line 16)
SERVER_BIN = ${SERVER_DIR}.exe
# automatic
^F = $(notdir $^)
# environment
PROMPT = $P$G
# environment
CHOCOLATEYLASTPATHUPDATE = 132978012883296991
# environment
WT_SESSION = 07eca076-0362-46a2-83e5-d3fb8c6c72d3
# environment
LOGONSERVER = \\DESKTOP-QLPNDS7
# makefile (from 'Makefile', line 13)
HELP_CMD = Select-String "^[a-zA-Z_-]+:.*?## .*$$" "./Makefile" | Foreach-Object { $$_data = $$_.matches -split ":.*?## "; $$obj = New-Object PSCustomObject; Add-Member -InputObject $$obj -NotePropertyName ('Command') -NotePropertyValue $$_data[0]; Add-Member -InputObject $$obj -NotePropertyName ('Description') -NotePropertyValue $$_data[1]; $$obj } | Format-Table -HideTableHeaders @{Expression={ $$e = [char]27; "$$e[36m$$($$_.Command)$${e}[0m" }}, Description
# environment
VSCODE_LOG_NATIVE = false
# environment
USERNAME = arthsan
# makefile (from 'Makefile', line 12)
CHECK_DIR_CMD = if (!(Test-Path $@)) { $$e = [char]27; Write-Error "$$e[31mDirectory $@ doesn't exist$${e}[0m" }
# environment
COMMONPROGRAMFILES = C:\Program Files (x86)\Common Files
# automatic
?F = $(notdir $?)
# environment
PROGRAMW6432 = C:\Program Files
# environment
PATHEXT = .COM;.EXE;.BAT;.CMD;.VBS;.VBE;.JS;.JSE;.WSF;.WSH;.MSC;.CPL
# automatic
+F = $(notdir $+)
# environment
ORIGINAL_XDG_CURRENT_DESKTOP = undefined
# environment
USERDOMAIN = DESKTOP-QLPNDS7
# 'override' directive
GNUMAKEFLAGS := 
# makefile (from 'Makefile', line 10)
OS = $(shell "{0} {1}" -f "windows", (Get-ComputerInfo -Property OsVersion, OsArchitecture | Format-Table -HideTableHeaders | Out-String).Trim())
# makefile (from 'Makefile', line 39)
.DEFAULT_GOAL := help
# makefile (from 'Makefile', line 15)
RM_RF_CMD = ${RM_F_CMD} -Recurse
# default
MAKE_VERSION := 4.3
# makefile (from 'Makefile', line 9)
SHELL_VERSION = $(shell (Get-Host | Select-Object Version | Format-Table -HideTableHeaders | Out-String).Trim())
# environment
PROGRAMFILES(X86) = C:\Program Files (x86)
# environment
USERDOMAIN_ROAMINGPROFILE = DESKTOP-QLPNDS7
# environment
NUMBER_OF_PROCESSORS = 24
# environment
PUBLIC = C:\Users\Public
# environment
APPDATA = C:\Users\arthsan\AppData\Roaming
# environment
HOMEDRIVE = C:
# environment
PROCESSOR_ARCHITECTURE = x86
# environment
GOMODCACHE = C:\Users\arthsan\go\pkg\mod
# environment
VSCODE_AMD_ENTRYPOINT = vs/workbench/api/node/extensionHostProcess
# environment
COMMONPROGRAMFILES(X86) = C:\Program Files (x86)\Common Files
# makefile (from 'Makefile', line 1)
BIN_DIR = bin
# environment
ELECTRON_RUN_AS_NODE = 1
# environment
TEMP = C:\Users\arthsan\AppData\Local\Temp
# environment
VSCODE_IPC_HOOK = \\.\pipe\e940140def179ef71b62c26a24a080cf-1.67.2-main-sock
# environment
GOPROXY = https://proxy.golang.org,direct
# default
.RECIPEPREFIX := 
# automatic
<F = $(notdir $<)
# default
SUFFIXES := 
# environment
ALLUSERSPROFILE = C:\ProgramData
# environment
VSCODE_CLI = 1
# environment
ELECTRON_NO_ATTACH_CONSOLE = 1
# default
.FEATURES := target-specific order-only second-expansion else-if shortest-stem undefine oneshell nocomment grouped-target extra-prereqs archives jobserver output-sync load
# environment
PROCESSOR_REVISION = 7100
# makefile (from 'Makefile', line 2)
PROTO_DIR = proto
# makefile (from 'Makefile', line 14)
RM_F_CMD = Remove-Item -erroraction silentlycontinue -Force
# environment
PROCESSOR_IDENTIFIER = AMD64 Family 23 Model 113 Stepping 0, AuthenticAMD
# variable set hash-table stats:
# Load=117/1024=11%, Rehash=0, Collisions=15/177=8%

# Pattern-specific Variable Values

# No pattern-specific variable values.

# Directories

# . (key c:/Users/arthsan/Documents/github/grpc-microservice, mtime 1653567701): 9 files, no impossibilities.

# 9 files, no impossibilities in 1 directories.

# Implicit Rules

# No implicit rules.

# Files

calculator:
#  Phony target (prerequisite of .PHONY).
#  Implicit rule search has not been done.
#  File does not exist.
#  File has not been updated.
#  recipe to execute (from 'Makefile', line 50):
	@${CHECK_DIR_CMD}
	protoc -I$@/${PROTO_DIR} --go_opt=module=${PACKAGE} --go_out=. --go-grpc_opt=module=${PACKAGE} --go-grpc_out=. $@/${PROTO_DIR}/*.proto
	go build -o ${BIN_DIR}/$@/${SERVER_BIN} ./$@/${SERVER_DIR}
	go build -o ${BIN_DIR}/$@/${CLIENT_BIN} ./$@/${CLIENT_DIR}

clean_greet:
#  Implicit rule search has no 
t been done.
#  Modification time never checked.
#  File has not been updated.
#  recipe to execute (from 'Makefile', line 66):
	${RM_F_CMD} greet/${PROTO_DIR}/*.pb.go

clean_blog:
#  Implicit rule search has not been done.
#  Modification time never checked.
#  File has not been updated.
#  recipe to execute (from 'Makefile', line 72):
	${RM_F_CMD} blog/${PROTO_DIR}/*.pb.go

# Not a target:
Makefile:
#  Implicit rule search has been done.
#  Last modified 2022-05-25 13:25:30
#  File has been updated.
#  Successfully updated.

clean: clean_greet clean_calculator clean_blog
#  Implicit rule search has not been done.
#  Modification time never checked.
#  File has not been updated.
#  recipe to execute (from 'Makefile', line 59):
	${RM_F_CMD} ssl/*.crt
	${RM_F_CMD} ssl/*.csr
	${RM_F_CMD} ssl/*.key
	${RM_F_CMD} ssl/*.pem
	${RM_RF_CMD} ${BIN_DIR}

blog:
#  Phony target (prerequisite of .PHONY).
#  Implicit rule search has not been done.
#  File does not exist.
#  File has not been updated.
#  recipe to execute (from 'Makefile', line 50):
	@${CHECK_DIR_CMD}
	protoc -I$@/${PROTO_DIR} --go_opt=module=${PACKAGE} --go_out=. --go-grpc_opt=module=${PACKAGE} --go-grpc_out=. $@/${PROTO_DIR}/*.proto
	go build -o ${BIN_DIR}/$@/${SERVER_BIN} ./$@/${SERVER_DIR}
	go build -o ${BIN_DIR}/$@/${CLIENT_BIN} ./$@/${CLIENT_DIR}

# Not a target:
.DEFAULT:
#  Implicit rule search has not been done.
#  Modification time never checked.
#  File has not been updated.

all: greet calculator blog
#  Command line target.
#  Implicit rule search has been done.
#  File does not exist.
#  File has been updated.
#  Needs to be updated (-q is set).
# variable set hash-table stats:
# Load=0/32=0%, Rehash=0, Collisions=0/24=0%

help:
#  Phony target (prerequisite of .PHONY).
#  Implicit rule search has not been done.
#  File does not exist.
#  File has not been updated.
#  recipe to execute (from 'Makefile', line 85):
	@${HELP_CMD}

clean_calculator:
#  Implicit rule search has not been done.
#  Modification time never checked.
#  File has not been updated.
#  recipe to execute (from 'Makefile', line 69):
	${RM_F_CMD} calculator/${PROTO_DIR}/*.pb.go
	

test: all
#  Implicit rule search has not been done.
#  Modification time never checked.
#  File has not been updated.
#  recipe to execute (from 'Makefile', line 56):
	go test ./...

rebuild: clean all
#  Implicit rule search has not been done.
#  Modification time never checked.
#  File has not been updated.

about:
#  Implicit rule search has not been done.
#  Modification time never checked.
#  File has not been updated.
#  recipe to execute (from 'Makefile', line 77):
	@echo "OS: ${OS}"
	@echo "Shell: ${SHELL} ${SHELL_VERSION}"
	@echo "Protoc version: $(shell protoc --version)"
	@echo "Go version: $(shell go version)"
	@echo "Go package: ${PACKAGE}"
	@echo "Openssl version: $(shell openssl version)"

# 'override' directive
greet: .SHELLSTATUS := 0
greet:
#  Phony target (prerequisite of .PHONY).
#  Implicit rule search has not been done.
#  Implicit/static pattern stem: ''
#  File does not exist.
#  File has been updated.
#  Needs to be updated (-q is set).
# automatic
# @ := greet
# automatic
# * := 
# automatic
# < := 
# automatic
# + := 
# automatic
# % := 
# automatic
# ^ := 
# automatic
# ? := 
# automatic
# | := 
# variable set hash-table stats:
# Load=9/32=28%, Rehash=0, Collisions=19/42=45%
#  recipe to execute (from 'Makefile', line 50):
	@${CHECK_DIR_CMD}
	protoc -I$@/${PROTO_DIR} --go_opt=module=${PACKAGE} --go_out=. --go-grpc_opt=module=${PACKAGE} --go-grpc_out=. $@/${PROTO_DIR}/*.proto
	go build -o ${BIN_DIR}/$@/${SERVER_BIN} ./$@/${SERVER_DIR}
	go build -o ${BIN_DIR}/$@/${CLIENT_BIN} ./$@/${CLIENT_DIR}

# Not a target:
.SUFFIXES:
#  Implicit rule search has not been done.
#  Modification time never checked.
#  File has not been updated.

.PHONY: greet blog calculator help
#  Implicit rule search has not been done.
#  Modification time never checked.
#  File has not been updated.

# files hash-table stats:
# Load=16/1024=2%, Rehash=0, Collisions=0/51=0%
# VPATH Search Paths

# No 'vpath' search  
paths.

# No general ('VPATH' variable) search path.

# strcache buffers: 1 (0) / strings = 22 / storage = 162 B / avg = 7 B
# current buf: size = 8174 B / used = 162 B / count = 22 / avg = 7 B

# strcache performance: lookups = 62 / hit rate = 64%
# hash-table stats:
# Load=22/8192=0%, Rehash=0, Collisions=0/62=0%
# Finished Make data base on Thu May 26 14:39:56 2022

 
